<?xml version="1.0" encoding="UTF-8"?>
<!-- Generated by org.testng.reporters.JUnitReportReporter -->
<testsuite hostname="LAPTOP-7BRPN938" failures="0" tests="2" name="app.test.FlipkartAutomation" time="36.969" errors="0" timestamp="2023-07-31T20:37:23 IST" skipped="0">
  <testcase classname="app.test.FlipkartAutomation" name="LaunchChrome" time="2.014"/>
  <testcase classname="app.test.FlipkartAutomation" name="flipkartTesting" time="34.955"/>
</testsuite> <!-- app.test.FlipkartAutomation -->
