<?xml version="1.0" encoding="UTF-8"?>
<!-- Generated by org.testng.reporters.JUnitReportReporter -->
<testsuite hostname="LAPTOP-7BRPN938" failures="0" tests="2" name="app.test.AppTest" time="35.110" errors="0" timestamp="2023-07-31T20:33:11 IST" skipped="0">
  <testcase classname="app.test.AppTest" name="LaunchChrome" time="2.011"/>
  <testcase classname="app.test.AppTest" name="flipkartTesting" time="33.099"/>
</testsuite> <!-- app.test.AppTest -->
